0 info it worked if it ends with ok
1 verbose cli [ 'E:\\新建文件夹 (4)\\node\\node.exe',
1 verbose cli   'E:\\新建文件夹 (4)\\node\\node_modules\\npm\\bin\\npm-cli.js',
1 verbose cli   'run',
1 verbose cli   'dev' ]
2 info using npm@3.10.10
3 info using node@v7.2.1
4 verbose stack Error: ENOENT: no such file or directory, open 'E:\新建文件夹 (3)\jiaoshoujia\package.json'
5 verbose cwd E:\新建文件夹 (3)\jiaoshoujia
6 error Windows_NT 10.0.15063
7 error argv "E:\\新建文件夹 (4)\\node\\node.exe" "E:\\新建文件夹 (4)\\node\\node_modules\\npm\\bin\\npm-cli.js" "run" "dev"
8 error node v7.2.1
9 error npm  v3.10.10
10 error path E:\新建文件夹 (3)\jiaoshoujia\package.json
11 error code ENOENT
12 error errno -4058
13 error syscall open
14 error enoent ENOENT: no such file or directory, open 'E:\新建文件夹 (3)\jiaoshoujia\package.json'
15 error enoent ENOENT: no such file or directory, open 'E:\新建文件夹 (3)\jiaoshoujia\package.json'
15 error enoent This is most likely not a problem with npm itself
15 error enoent and is related to npm not being able to find a file.
16 verbose exit [ -4058, true ]
